2025-06-17 11:34:17,836 [Worker-27: Launching Executing clean in _Users_satyamrai_Desktop_java_springboot_demo] INFO  o.eclipse.m2e.core.internal.Bundles - getClasspathEntries(Bundle=org.eclipse.m2e.maven.runtime_3.9.700.20240602-2313 [807])
2025-06-17 11:34:17,838 [Worker-27: Launching Executing clean in _Users_satyamrai_Desktop_java_springboot_demo] INFO  o.eclipse.m2e.core.internal.Bundles - 	Entry: /Users/satyamrai/.p2/pool/plugins/org.eclipse.m2e.maven.runtime_3.9.700.20240602-2313
2025-06-17 11:34:17,838 [Worker-27: Launching Executing clean in _Users_satyamrai_Desktop_java_springboot_demo] INFO  o.eclipse.m2e.core.internal.Bundles - 	Entry: /Users/satyamrai/.p2/pool/plugins/org.eclipse.m2e.maven.runtime_3.9.700.20240602-2313/jars/aopalliance-1.0.jar
2025-06-17 11:34:17,838 [Worker-27: Launching Executing clean in _Users_satyamrai_Desktop_java_springboot_demo] INFO  o.eclipse.m2e.core.internal.Bundles - 	Entry: /Users/satyamrai/.p2/pool/plugins/org.eclipse.m2e.maven.runtime_3.9.700.20240602-2313/jars/guice-5.1.0.jar
2025-06-17 11:34:17,838 [Worker-27: Launching Executing clean in _Users_satyamrai_Desktop_java_springboot_demo] INFO  o.eclipse.m2e.core.internal.Bundles - 	Entry: /Users/satyamrai/.p2/pool/plugins/org.eclipse.m2e.maven.runtime_3.9.700.20240602-2313/jars/httpclient-4.5.14.jar
2025-06-17 11:34:17,838 [Worker-27: Launching Executing clean in _Users_satyamrai_Desktop_java_springboot_demo] INFO  o.eclipse.m2e.core.internal.Bundles - 	Entry: /Users/satyamrai/.p2/pool/plugins/org.eclipse.m2e.maven.runtime_3.9.700.20240602-2313/jars/httpcore-4.4.16.jar
2025-06-17 11:34:17,838 [Worker-27: Launching Executing clean in _Users_satyamrai_Desktop_java_springboot_demo] INFO  o.eclipse.m2e.core.internal.Bundles - 	Entry: /Users/satyamrai/.p2/pool/plugins/org.eclipse.m2e.maven.runtime_3.9.700.20240602-2313/jars/jansi-2.4.1.jar
2025-06-17 11:34:17,838 [Worker-27: Launching Executing clean in _Users_satyamrai_Desktop_java_springboot_demo] INFO  o.eclipse.m2e.core.internal.Bundles - 	Entry: /Users/satyamrai/.p2/pool/plugins/org.eclipse.m2e.maven.runtime_3.9.700.20240602-2313/jars/jcl-over-slf4j-1.7.36.jar
2025-06-17 11:34:17,838 [Worker-27: Launching Executing clean in _Users_satyamrai_Desktop_java_springboot_demo] INFO  o.eclipse.m2e.core.internal.Bundles - 	Entry: /Users/satyamrai/.p2/pool/plugins/org.eclipse.m2e.maven.runtime_3.9.700.20240602-2313/jars/maven-artifact-3.9.7.jar
2025-06-17 11:34:17,838 [Worker-27: Launching Executing clean in _Users_satyamrai_Desktop_java_springboot_demo] INFO  o.eclipse.m2e.core.internal.Bundles - 	Entry: /Users/satyamrai/.p2/pool/plugins/org.eclipse.m2e.maven.runtime_3.9.700.20240602-2313/jars/maven-builder-support-3.9.7.jar
2025-06-17 11:34:17,838 [Worker-27: Launching Executing clean in _Users_satyamrai_Desktop_java_springboot_demo] INFO  o.eclipse.m2e.core.internal.Bundles - 	Entry: /Users/satyamrai/.p2/pool/plugins/org.eclipse.m2e.maven.runtime_3.9.700.20240602-2313/jars/maven-compat-3.9.7.jar
2025-06-17 11:34:17,838 [Worker-27: Launching Executing clean in _Users_satyamrai_Desktop_java_springboot_demo] INFO  o.eclipse.m2e.core.internal.Bundles - 	Entry: /Users/satyamrai/.p2/pool/plugins/org.eclipse.m2e.maven.runtime_3.9.700.20240602-2313/jars/maven-core-3.9.7.jar
2025-06-17 11:34:17,839 [Worker-27: Launching Executing clean in _Users_satyamrai_Desktop_java_springboot_demo] INFO  o.eclipse.m2e.core.internal.Bundles - 	Entry: /Users/satyamrai/.p2/pool/plugins/org.eclipse.m2e.maven.runtime_3.9.700.20240602-2313/jars/maven-embedder-3.9.7.jar
2025-06-17 11:34:17,839 [Worker-27: Launching Executing clean in _Users_satyamrai_Desktop_java_springboot_demo] INFO  o.eclipse.m2e.core.internal.Bundles - 	Entry: /Users/satyamrai/.p2/pool/plugins/org.eclipse.m2e.maven.runtime_3.9.700.20240602-2313/jars/maven-model-3.9.7.jar
2025-06-17 11:34:17,839 [Worker-27: Launching Executing clean in _Users_satyamrai_Desktop_java_springboot_demo] INFO  o.eclipse.m2e.core.internal.Bundles - 	Entry: /Users/satyamrai/.p2/pool/plugins/org.eclipse.m2e.maven.runtime_3.9.700.20240602-2313/jars/maven-model-builder-3.9.7.jar
2025-06-17 11:34:17,839 [Worker-27: Launching Executing clean in _Users_satyamrai_Desktop_java_springboot_demo] INFO  o.eclipse.m2e.core.internal.Bundles - 	Entry: /Users/satyamrai/.p2/pool/plugins/org.eclipse.m2e.maven.runtime_3.9.700.20240602-2313/jars/maven-plugin-api-3.9.7.jar
2025-06-17 11:34:17,839 [Worker-27: Launching Executing clean in _Users_satyamrai_Desktop_java_springboot_demo] INFO  o.eclipse.m2e.core.internal.Bundles - 	Entry: /Users/satyamrai/.p2/pool/plugins/org.eclipse.m2e.maven.runtime_3.9.700.20240602-2313/jars/maven-repository-metadata-3.9.7.jar
2025-06-17 11:34:17,839 [Worker-27: Launching Executing clean in _Users_satyamrai_Desktop_java_springboot_demo] INFO  o.eclipse.m2e.core.internal.Bundles - 	Entry: /Users/satyamrai/.p2/pool/plugins/org.eclipse.m2e.maven.runtime_3.9.700.20240602-2313/jars/maven-resolver-api-1.9.20.jar
2025-06-17 11:34:17,839 [Worker-27: Launching Executing clean in _Users_satyamrai_Desktop_java_springboot_demo] INFO  o.eclipse.m2e.core.internal.Bundles - 	Entry: /Users/satyamrai/.p2/pool/plugins/org.eclipse.m2e.maven.runtime_3.9.700.20240602-2313/jars/maven-resolver-connector-basic-1.9.20.jar
2025-06-17 11:34:17,839 [Worker-27: Launching Executing clean in _Users_satyamrai_Desktop_java_springboot_demo] INFO  o.eclipse.m2e.core.internal.Bundles - 	Entry: /Users/satyamrai/.p2/pool/plugins/org.eclipse.m2e.maven.runtime_3.9.700.20240602-2313/jars/maven-resolver-impl-1.9.20.jar
2025-06-17 11:34:17,839 [Worker-27: Launching Executing clean in _Users_satyamrai_Desktop_java_springboot_demo] INFO  o.eclipse.m2e.core.internal.Bundles - 	Entry: /Users/satyamrai/.p2/pool/plugins/org.eclipse.m2e.maven.runtime_3.9.700.20240602-2313/jars/maven-resolver-named-locks-1.9.20.jar
2025-06-17 11:34:17,839 [Worker-27: Launching Executing clean in _Users_satyamrai_Desktop_java_springboot_demo] INFO  o.eclipse.m2e.core.internal.Bundles - 	Entry: /Users/satyamrai/.p2/pool/plugins/org.eclipse.m2e.maven.runtime_3.9.700.20240602-2313/jars/maven-resolver-provider-3.9.7.jar
2025-06-17 11:34:17,839 [Worker-27: Launching Executing clean in _Users_satyamrai_Desktop_java_springboot_demo] INFO  o.eclipse.m2e.core.internal.Bundles - 	Entry: /Users/satyamrai/.p2/pool/plugins/org.eclipse.m2e.maven.runtime_3.9.700.20240602-2313/jars/maven-resolver-spi-1.9.20.jar
2025-06-17 11:34:17,839 [Worker-27: Launching Executing clean in _Users_satyamrai_Desktop_java_springboot_demo] INFO  o.eclipse.m2e.core.internal.Bundles - 	Entry: /Users/satyamrai/.p2/pool/plugins/org.eclipse.m2e.maven.runtime_3.9.700.20240602-2313/jars/maven-resolver-transport-file-1.9.20.jar
2025-06-17 11:34:17,839 [Worker-27: Launching Executing clean in _Users_satyamrai_Desktop_java_springboot_demo] INFO  o.eclipse.m2e.core.internal.Bundles - 	Entry: /Users/satyamrai/.p2/pool/plugins/org.eclipse.m2e.maven.runtime_3.9.700.20240602-2313/jars/maven-resolver-transport-http-1.9.20.jar
2025-06-17 11:34:17,839 [Worker-27: Launching Executing clean in _Users_satyamrai_Desktop_java_springboot_demo] INFO  o.eclipse.m2e.core.internal.Bundles - 	Entry: /Users/satyamrai/.p2/pool/plugins/org.eclipse.m2e.maven.runtime_3.9.700.20240602-2313/jars/maven-resolver-transport-wagon-1.9.20.jar
2025-06-17 11:34:17,839 [Worker-27: Launching Executing clean in _Users_satyamrai_Desktop_java_springboot_demo] INFO  o.eclipse.m2e.core.internal.Bundles - 	Entry: /Users/satyamrai/.p2/pool/plugins/org.eclipse.m2e.maven.runtime_3.9.700.20240602-2313/jars/maven-resolver-util-1.9.20.jar
2025-06-17 11:34:17,839 [Worker-27: Launching Executing clean in _Users_satyamrai_Desktop_java_springboot_demo] INFO  o.eclipse.m2e.core.internal.Bundles - 	Entry: /Users/satyamrai/.p2/pool/plugins/org.eclipse.m2e.maven.runtime_3.9.700.20240602-2313/jars/maven-settings-3.9.7.jar
2025-06-17 11:34:17,839 [Worker-27: Launching Executing clean in _Users_satyamrai_Desktop_java_springboot_demo] INFO  o.eclipse.m2e.core.internal.Bundles - 	Entry: /Users/satyamrai/.p2/pool/plugins/org.eclipse.m2e.maven.runtime_3.9.700.20240602-2313/jars/maven-settings-builder-3.9.7.jar
2025-06-17 11:34:17,839 [Worker-27: Launching Executing clean in _Users_satyamrai_Desktop_java_springboot_demo] INFO  o.eclipse.m2e.core.internal.Bundles - 	Entry: /Users/satyamrai/.p2/pool/plugins/org.eclipse.m2e.maven.runtime_3.9.700.20240602-2313/jars/maven-shared-utils-3.4.2.jar
2025-06-17 11:34:17,839 [Worker-27: Launching Executing clean in _Users_satyamrai_Desktop_java_springboot_demo] INFO  o.eclipse.m2e.core.internal.Bundles - 	Entry: /Users/satyamrai/.p2/pool/plugins/org.eclipse.m2e.maven.runtime_3.9.700.20240602-2313/jars/org.eclipse.sisu.inject-0.9.0.M2.jar
2025-06-17 11:34:17,839 [Worker-27: Launching Executing clean in _Users_satyamrai_Desktop_java_springboot_demo] INFO  o.eclipse.m2e.core.internal.Bundles - 	Entry: /Users/satyamrai/.p2/pool/plugins/org.eclipse.m2e.maven.runtime_3.9.700.20240602-2313/jars/org.eclipse.sisu.plexus-0.9.0.M2.jar
2025-06-17 11:34:17,839 [Worker-27: Launching Executing clean in _Users_satyamrai_Desktop_java_springboot_demo] INFO  o.eclipse.m2e.core.internal.Bundles - 	Entry: /Users/satyamrai/.p2/pool/plugins/org.eclipse.m2e.maven.runtime_3.9.700.20240602-2313/jars/plexus-build-api-0.0.7.jar
2025-06-17 11:34:17,840 [Worker-27: Launching Executing clean in _Users_satyamrai_Desktop_java_springboot_demo] INFO  o.eclipse.m2e.core.internal.Bundles - 	Entry: /Users/satyamrai/.p2/pool/plugins/org.eclipse.m2e.maven.runtime_3.9.700.20240602-2313/jars/plexus-build-api-1.2.0.jar
2025-06-17 11:34:17,840 [Worker-27: Launching Executing clean in _Users_satyamrai_Desktop_java_springboot_demo] INFO  o.eclipse.m2e.core.internal.Bundles - 	Entry: /Users/satyamrai/.p2/pool/plugins/org.eclipse.m2e.maven.runtime_3.9.700.20240602-2313/jars/plexus-cipher-2.0.jar
2025-06-17 11:34:17,840 [Worker-27: Launching Executing clean in _Users_satyamrai_Desktop_java_springboot_demo] INFO  o.eclipse.m2e.core.internal.Bundles - 	Entry: /Users/satyamrai/.p2/pool/plugins/org.eclipse.m2e.maven.runtime_3.9.700.20240602-2313/jars/plexus-classworlds-2.8.0.jar
2025-06-17 11:34:17,840 [Worker-27: Launching Executing clean in _Users_satyamrai_Desktop_java_springboot_demo] INFO  o.eclipse.m2e.core.internal.Bundles - 	Entry: /Users/satyamrai/.p2/pool/plugins/org.eclipse.m2e.maven.runtime_3.9.700.20240602-2313/jars/plexus-component-annotations-2.1.0.jar
2025-06-17 11:34:17,840 [Worker-27: Launching Executing clean in _Users_satyamrai_Desktop_java_springboot_demo] INFO  o.eclipse.m2e.core.internal.Bundles - 	Entry: /Users/satyamrai/.p2/pool/plugins/org.eclipse.m2e.maven.runtime_3.9.700.20240602-2313/jars/plexus-interpolation-1.27.jar
2025-06-17 11:34:17,840 [Worker-27: Launching Executing clean in _Users_satyamrai_Desktop_java_springboot_demo] INFO  o.eclipse.m2e.core.internal.Bundles - 	Entry: /Users/satyamrai/.p2/pool/plugins/org.eclipse.m2e.maven.runtime_3.9.700.20240602-2313/jars/plexus-sec-dispatcher-2.0.jar
2025-06-17 11:34:17,840 [Worker-27: Launching Executing clean in _Users_satyamrai_Desktop_java_springboot_demo] INFO  o.eclipse.m2e.core.internal.Bundles - 	Entry: /Users/satyamrai/.p2/pool/plugins/org.eclipse.m2e.maven.runtime_3.9.700.20240602-2313/jars/plexus-utils-3.5.1.jar
2025-06-17 11:34:17,840 [Worker-27: Launching Executing clean in _Users_satyamrai_Desktop_java_springboot_demo] INFO  o.eclipse.m2e.core.internal.Bundles - 	Entry: /Users/satyamrai/.p2/pool/plugins/org.eclipse.m2e.maven.runtime_3.9.700.20240602-2313/jars/wagon-file-3.5.3.jar
2025-06-17 11:34:17,840 [Worker-27: Launching Executing clean in _Users_satyamrai_Desktop_java_springboot_demo] INFO  o.eclipse.m2e.core.internal.Bundles - 	Entry: /Users/satyamrai/.p2/pool/plugins/org.eclipse.m2e.maven.runtime_3.9.700.20240602-2313/jars/wagon-http-3.5.3.jar
2025-06-17 11:34:17,840 [Worker-27: Launching Executing clean in _Users_satyamrai_Desktop_java_springboot_demo] INFO  o.eclipse.m2e.core.internal.Bundles - 	Entry: /Users/satyamrai/.p2/pool/plugins/org.eclipse.m2e.maven.runtime_3.9.700.20240602-2313/jars/wagon-http-shared-3.5.3.jar
2025-06-17 11:34:17,840 [Worker-27: Launching Executing clean in _Users_satyamrai_Desktop_java_springboot_demo] INFO  o.eclipse.m2e.core.internal.Bundles - 	Entry: /Users/satyamrai/.p2/pool/plugins/org.eclipse.m2e.maven.runtime_3.9.700.20240602-2313/jars/wagon-provider-api-3.5.3.jar
2025-06-17 11:34:17,841 [Worker-27: Launching Executing clean in _Users_satyamrai_Desktop_java_springboot_demo] INFO  o.eclipse.m2e.core.internal.Bundles - getClasspathEntries(Bundle=com.google.guava_33.2.0.jre [524])
2025-06-17 11:34:17,841 [Worker-27: Launching Executing clean in _Users_satyamrai_Desktop_java_springboot_demo] INFO  o.eclipse.m2e.core.internal.Bundles - 	Entry: /Users/satyamrai/.p2/pool/plugins/com.google.guava_33.2.0.jre.jar
2025-06-17 11:34:17,841 [Worker-27: Launching Executing clean in _Users_satyamrai_Desktop_java_springboot_demo] INFO  o.eclipse.m2e.core.internal.Bundles - getClasspathEntries(Bundle=slf4j.api_2.0.13 [1028])
2025-06-17 11:34:17,841 [Worker-27: Launching Executing clean in _Users_satyamrai_Desktop_java_springboot_demo] INFO  o.eclipse.m2e.core.internal.Bundles - 	Entry: /Users/satyamrai/.p2/pool/plugins/slf4j.api_2.0.13.jar
2025-06-17 11:34:17,841 [Worker-27: Launching Executing clean in _Users_satyamrai_Desktop_java_springboot_demo] INFO  o.eclipse.m2e.core.internal.Bundles - getClasspathEntries(Bundle=javax.inject_1.0.0.v20220405-0441 [1083])
2025-06-17 11:34:17,841 [Worker-27: Launching Executing clean in _Users_satyamrai_Desktop_java_springboot_demo] INFO  o.eclipse.m2e.core.internal.Bundles - 	Entry: /Users/satyamrai/.p2/pool/plugins/javax.inject_1.0.0.v20220405-0441.jar
2025-06-17 11:34:17,841 [Worker-27: Launching Executing clean in _Users_satyamrai_Desktop_java_springboot_demo] INFO  o.eclipse.m2e.core.internal.Bundles - getClasspathEntries(Bundle=javax.annotation_1.3.5.v20230504-0748 [1082])
2025-06-17 11:34:17,842 [Worker-27: Launching Executing clean in _Users_satyamrai_Desktop_java_springboot_demo] INFO  o.eclipse.m2e.core.internal.Bundles - 	Entry: /Users/satyamrai/.p2/pool/plugins/javax.annotation_1.3.5.v20230504-0748.jar
2025-06-17 11:34:17,842 [Worker-27: Launching Executing clean in _Users_satyamrai_Desktop_java_springboot_demo] INFO  o.eclipse.m2e.core.internal.Bundles - getClasspathEntries(Bundle=org.apache.commons.cli_1.8.0 [561])
2025-06-17 11:34:17,842 [Worker-27: Launching Executing clean in _Users_satyamrai_Desktop_java_springboot_demo] INFO  o.eclipse.m2e.core.internal.Bundles - 	Entry: /Users/satyamrai/.p2/pool/plugins/org.apache.commons.cli_1.8.0.jar
2025-06-17 11:34:17,842 [Worker-27: Launching Executing clean in _Users_satyamrai_Desktop_java_springboot_demo] INFO  o.eclipse.m2e.core.internal.Bundles - getClasspathEntries(Bundle=org.apache.commons.commons-codec_1.16.0 [562])
2025-06-17 11:34:17,842 [Worker-27: Launching Executing clean in _Users_satyamrai_Desktop_java_springboot_demo] INFO  o.eclipse.m2e.core.internal.Bundles - 	Entry: /Users/satyamrai/.p2/pool/plugins/org.apache.commons.commons-codec_1.16.0.jar
2025-06-17 11:34:17,842 [Worker-27: Launching Executing clean in _Users_satyamrai_Desktop_java_springboot_demo] INFO  o.eclipse.m2e.core.internal.Bundles - getClasspathEntries(Bundle=org.apache.commons.lang3_3.14.0 [568])
2025-06-17 11:34:17,843 [Worker-27: Launching Executing clean in _Users_satyamrai_Desktop_java_springboot_demo] INFO  o.eclipse.m2e.core.internal.Bundles - 	Entry: /Users/satyamrai/.p2/pool/plugins/org.apache.commons.lang3_3.14.0.jar
2025-06-17 11:34:17,843 [Worker-27: Launching Executing clean in _Users_satyamrai_Desktop_java_springboot_demo] INFO  o.eclipse.m2e.core.internal.Bundles - getClasspathEntries(Bundle=com.google.guava.failureaccess_1.0.2 [525])
2025-06-17 11:34:17,843 [Worker-27: Launching Executing clean in _Users_satyamrai_Desktop_java_springboot_demo] INFO  o.eclipse.m2e.core.internal.Bundles - 	Entry: /Users/satyamrai/.p2/pool/plugins/com.google.guava.failureaccess_1.0.2.jar
2025-06-17 11:34:17,847 [Worker-27: Launching Executing clean in _Users_satyamrai_Desktop_java_springboot_demo] INFO  o.e.m.i.launch.MavenLaunchDelegate - Run build in "/Users/satyamrai/Desktop/java:springboot/demo":
2025-06-17 11:34:17,849 [Worker-27: Launching Executing clean in _Users_satyamrai_Desktop_java_springboot_demo] INFO  o.e.m.i.launch.MavenLaunchDelegate -  mvn  -B -Dstyle.color=always clean
2025-06-17 11:34:19,741 [Worker-29: Building] INFO  o.a.m.s.f.DefaultMavenResourcesFiltering - Copying 1 resource from src/main/resources to target/classes
2025-06-17 11:34:19,742 [Worker-29: Building] INFO  o.a.m.s.f.DefaultMavenResourcesFiltering - Copying 0 resource from src/main/resources to target/classes
2025-06-17 11:34:19,744 [Worker-29: Building] INFO  o.a.m.s.f.DefaultMavenResourcesFiltering - skip non existing resourceDirectory /Users/satyamrai/Desktop/java:springboot/demo/src/test/resources
2025-06-17 11:34:31,405 [main] INFO  o.e.m2e.actions.ExecutePomAction - Creating new launch configuration
2025-06-17 11:34:31,407 [main] ERROR o.e.m2e.actions.ExecutePomAction - Error creating new launch configuration
org.eclipse.core.runtime.CoreException: File not found: /Users/satyamrai/Desktop/demo/.metadata/.plugins/org.eclipse.debug.core.
	at org.eclipse.core.internal.filesystem.Policy.error(Policy.java:48)
	at org.eclipse.core.internal.filesystem.local.LocalFile.mkdir(LocalFile.java:361)
	at org.eclipse.debug.internal.core.LaunchConfigurationWorkingCopy.writeNewFile(LaunchConfigurationWorkingCopy.java:310)
	at org.eclipse.debug.internal.core.LaunchConfigurationWorkingCopy.doSave0(LaunchConfigurationWorkingCopy.java:259)
	at org.eclipse.debug.internal.core.LaunchConfigurationWorkingCopy.doSave(LaunchConfigurationWorkingCopy.java:229)
	at org.eclipse.debug.internal.core.LaunchConfigurationWorkingCopy.doSave(LaunchConfigurationWorkingCopy.java:187)
	at org.eclipse.m2e.actions.ExecutePomAction.getLaunchConfiguration(ExecutePomAction.java:329)
	at org.eclipse.m2e.actions.ExecutePomAction.launch(ExecutePomAction.java:111)
	at org.eclipse.m2e.actions.ExecutePomAction.launch(ExecutePomAction.java:101)
	at org.eclipse.debug.internal.ui.launchConfigurations.LaunchShortcutExtension.launch(LaunchShortcutExtension.java:423)
	at org.eclipse.debug.internal.ui.actions.LaunchShortcutAction.runInternal(LaunchShortcutAction.java:99)
	at org.eclipse.debug.internal.ui.actions.LaunchShortcutAction.runWithEvent(LaunchShortcutAction.java:146)
	at org.eclipse.jface.action.ActionContributionItem.handleWidgetSelection(ActionContributionItem.java:581)
	at org.eclipse.jface.action.ActionContributionItem.lambda$4(ActionContributionItem.java:415)
	at org.eclipse.swt.widgets.EventTable.sendEvent(EventTable.java:91)
	at org.eclipse.swt.widgets.Display.sendEvent(Display.java:4660)
	at org.eclipse.swt.widgets.Widget.sendEvent(Widget.java:1622)
	at org.eclipse.swt.widgets.Widget.sendEvent(Widget.java:1645)
	at org.eclipse.swt.widgets.Widget.sendEvent(Widget.java:1630)
	at org.eclipse.swt.widgets.Widget.notifyListeners(Widget.java:1392)
	at org.eclipse.jface.action.ActionContributionItem.lambda$8(ActionContributionItem.java:1206)
	at org.eclipse.swt.widgets.EventTable.sendEvent(EventTable.java:91)
	at org.eclipse.swt.widgets.Display.sendEvent(Display.java:4660)
	at org.eclipse.swt.widgets.Widget.sendEvent(Widget.java:1622)
	at org.eclipse.swt.widgets.Widget.sendEvent(Widget.java:1645)
	at org.eclipse.swt.widgets.Widget.sendEvent(Widget.java:1630)
	at org.eclipse.swt.widgets.Widget.notifyListeners(Widget.java:1392)
	at org.eclipse.swt.widgets.Display.runDeferredEvents(Display.java:4427)
	at org.eclipse.swt.widgets.Display.readAndDispatch(Display.java:4003)
	at org.eclipse.e4.ui.internal.workbench.swt.PartRenderingEngine$5.run(PartRenderingEngine.java:1151)
	at org.eclipse.core.databinding.observable.Realm.runWithDefault(Realm.java:339)
	at org.eclipse.e4.ui.internal.workbench.swt.PartRenderingEngine.run(PartRenderingEngine.java:1042)
	at org.eclipse.e4.ui.internal.workbench.E4Workbench.createAndRunUI(E4Workbench.java:152)
	at org.eclipse.ui.internal.Workbench.lambda$3(Workbench.java:639)
	at org.eclipse.core.databinding.observable.Realm.runWithDefault(Realm.java:339)
	at org.eclipse.ui.internal.Workbench.createAndRunWorkbench(Workbench.java:546)
	at org.eclipse.ui.PlatformUI.createAndRunWorkbench(PlatformUI.java:173)
	at org.eclipse.ui.internal.ide.application.IDEApplication.start(IDEApplication.java:152)
	at org.eclipse.equinox.internal.app.EclipseAppHandle.run(EclipseAppHandle.java:208)
	at org.eclipse.core.runtime.internal.adaptor.EclipseAppLauncher.runApplication(EclipseAppLauncher.java:143)
	at org.eclipse.core.runtime.internal.adaptor.EclipseAppLauncher.start(EclipseAppLauncher.java:109)
	at org.eclipse.core.runtime.adaptor.EclipseStarter.run(EclipseStarter.java:439)
	at org.eclipse.core.runtime.adaptor.EclipseStarter.run(EclipseStarter.java:271)
	at java.base/jdk.internal.reflect.DirectMethodHandleAccessor.invoke(DirectMethodHandleAccessor.java:103)
	at java.base/java.lang.reflect.Method.invoke(Method.java:580)
	at org.eclipse.equinox.launcher.Main.invokeFramework(Main.java:668)
	at org.eclipse.equinox.launcher.Main.basicRun(Main.java:605)
	at org.eclipse.equinox.launcher.Main.run(Main.java:1481)
Caused by: java.nio.file.NoSuchFileException: /Users/satyamrai/Desktop/demo/.metadata/.plugins/org.eclipse.debug.core/.launches
	at java.base/sun.nio.fs.UnixException.translateToIOException(UnixException.java:92)
	at java.base/sun.nio.fs.UnixException.rethrowAsIOException(UnixException.java:106)
	at java.base/sun.nio.fs.UnixException.rethrowAsIOException(UnixException.java:111)
	at java.base/sun.nio.fs.UnixFileSystemProvider.createDirectory(UnixFileSystemProvider.java:438)
	at java.base/java.nio.file.Files.createDirectory(Files.java:699)
	at org.eclipse.core.internal.filesystem.local.LocalFile.mkdir(LocalFile.java:342)
	... 46 common frames omitted
2025-06-17 11:34:43,404 [main] INFO  o.e.m2e.actions.ExecutePomAction - Creating new launch configuration
2025-06-17 11:34:43,406 [main] ERROR o.e.m2e.actions.ExecutePomAction - Error creating new launch configuration
org.eclipse.core.runtime.CoreException: File not found: /Users/satyamrai/Desktop/demo/.metadata/.plugins/org.eclipse.debug.core.
	at org.eclipse.core.internal.filesystem.Policy.error(Policy.java:48)
	at org.eclipse.core.internal.filesystem.local.LocalFile.mkdir(LocalFile.java:361)
	at org.eclipse.debug.internal.core.LaunchConfigurationWorkingCopy.writeNewFile(LaunchConfigurationWorkingCopy.java:310)
	at org.eclipse.debug.internal.core.LaunchConfigurationWorkingCopy.doSave0(LaunchConfigurationWorkingCopy.java:259)
	at org.eclipse.debug.internal.core.LaunchConfigurationWorkingCopy.doSave(LaunchConfigurationWorkingCopy.java:229)
	at org.eclipse.debug.internal.core.LaunchConfigurationWorkingCopy.doSave(LaunchConfigurationWorkingCopy.java:187)
	at org.eclipse.m2e.actions.ExecutePomAction.getLaunchConfiguration(ExecutePomAction.java:329)
	at org.eclipse.m2e.actions.ExecutePomAction.launch(ExecutePomAction.java:111)
	at org.eclipse.m2e.actions.ExecutePomAction.launch(ExecutePomAction.java:101)
	at org.eclipse.debug.internal.ui.launchConfigurations.LaunchShortcutExtension.launch(LaunchShortcutExtension.java:423)
	at org.eclipse.debug.internal.ui.actions.LaunchShortcutAction.runInternal(LaunchShortcutAction.java:99)
	at org.eclipse.debug.internal.ui.actions.LaunchShortcutAction.runWithEvent(LaunchShortcutAction.java:146)
	at org.eclipse.jface.action.ActionContributionItem.handleWidgetSelection(ActionContributionItem.java:581)
	at org.eclipse.jface.action.ActionContributionItem.lambda$4(ActionContributionItem.java:415)
	at org.eclipse.swt.widgets.EventTable.sendEvent(EventTable.java:91)
	at org.eclipse.swt.widgets.Display.sendEvent(Display.java:4660)
	at org.eclipse.swt.widgets.Widget.sendEvent(Widget.java:1622)
	at org.eclipse.swt.widgets.Widget.sendEvent(Widget.java:1645)
	at org.eclipse.swt.widgets.Widget.sendEvent(Widget.java:1630)
	at org.eclipse.swt.widgets.Widget.notifyListeners(Widget.java:1392)
	at org.eclipse.jface.action.ActionContributionItem.lambda$8(ActionContributionItem.java:1206)
	at org.eclipse.swt.widgets.EventTable.sendEvent(EventTable.java:91)
	at org.eclipse.swt.widgets.Display.sendEvent(Display.java:4660)
	at org.eclipse.swt.widgets.Widget.sendEvent(Widget.java:1622)
	at org.eclipse.swt.widgets.Widget.sendEvent(Widget.java:1645)
	at org.eclipse.swt.widgets.Widget.sendEvent(Widget.java:1630)
	at org.eclipse.swt.widgets.Widget.notifyListeners(Widget.java:1392)
	at org.eclipse.swt.widgets.Display.runDeferredEvents(Display.java:4427)
	at org.eclipse.swt.widgets.Display.readAndDispatch(Display.java:4003)
	at org.eclipse.e4.ui.internal.workbench.swt.PartRenderingEngine$5.run(PartRenderingEngine.java:1151)
	at org.eclipse.core.databinding.observable.Realm.runWithDefault(Realm.java:339)
	at org.eclipse.e4.ui.internal.workbench.swt.PartRenderingEngine.run(PartRenderingEngine.java:1042)
	at org.eclipse.e4.ui.internal.workbench.E4Workbench.createAndRunUI(E4Workbench.java:152)
	at org.eclipse.ui.internal.Workbench.lambda$3(Workbench.java:639)
	at org.eclipse.core.databinding.observable.Realm.runWithDefault(Realm.java:339)
	at org.eclipse.ui.internal.Workbench.createAndRunWorkbench(Workbench.java:546)
	at org.eclipse.ui.PlatformUI.createAndRunWorkbench(PlatformUI.java:173)
	at org.eclipse.ui.internal.ide.application.IDEApplication.start(IDEApplication.java:152)
	at org.eclipse.equinox.internal.app.EclipseAppHandle.run(EclipseAppHandle.java:208)
	at org.eclipse.core.runtime.internal.adaptor.EclipseAppLauncher.runApplication(EclipseAppLauncher.java:143)
	at org.eclipse.core.runtime.internal.adaptor.EclipseAppLauncher.start(EclipseAppLauncher.java:109)
	at org.eclipse.core.runtime.adaptor.EclipseStarter.run(EclipseStarter.java:439)
	at org.eclipse.core.runtime.adaptor.EclipseStarter.run(EclipseStarter.java:271)
	at java.base/jdk.internal.reflect.DirectMethodHandleAccessor.invoke(DirectMethodHandleAccessor.java:103)
	at java.base/java.lang.reflect.Method.invoke(Method.java:580)
	at org.eclipse.equinox.launcher.Main.invokeFramework(Main.java:668)
	at org.eclipse.equinox.launcher.Main.basicRun(Main.java:605)
	at org.eclipse.equinox.launcher.Main.run(Main.java:1481)
Caused by: java.nio.file.NoSuchFileException: /Users/satyamrai/Desktop/demo/.metadata/.plugins/org.eclipse.debug.core/.launches
	at java.base/sun.nio.fs.UnixException.translateToIOException(UnixException.java:92)
	at java.base/sun.nio.fs.UnixException.rethrowAsIOException(UnixException.java:106)
	at java.base/sun.nio.fs.UnixException.rethrowAsIOException(UnixException.java:111)
	at java.base/sun.nio.fs.UnixFileSystemProvider.createDirectory(UnixFileSystemProvider.java:438)
	at java.base/java.nio.file.Files.createDirectory(Files.java:699)
	at org.eclipse.core.internal.filesystem.local.LocalFile.mkdir(LocalFile.java:342)
	... 46 common frames omitted
2025-06-17 11:36:26,584 [Worker-6: Loading available Gradle versions] INFO  o.e.b.c.i.u.g.PublishedGradleVersions - Gradle version information cache is up-to-date. Trying to read.
2025-06-17 11:38:29,551 [Worker-2: Loading available Gradle versions] INFO  o.e.b.c.i.u.g.PublishedGradleVersions - Gradle version information cache is up-to-date. Trying to read.
2025-06-17 11:40:53,190 [Worker-7: Loading available Gradle versions] INFO  o.e.b.c.i.u.g.PublishedGradleVersions - Gradle version information cache is up-to-date. Trying to read.
2025-06-17 11:48:01,946 [Worker-13: Loading available Gradle versions] INFO  o.e.b.c.i.u.g.PublishedGradleVersions - Gradle version information cache is up-to-date. Trying to read.
